<?xml version="1.0" encoding="UTF-8"?>
<!-- Generated by org.testng.reporters.JUnitReportReporter -->
<testsuite hostname="hp-pc" failures="0" tests="2" name="appium.AppiumAutoCalculator" time="14.195" errors="0" timestamp="2023-06-26T19:14:26 IST" skipped="0">
  <testcase classname="appium.AppiumAutoCalculator" name="AppLaunch" time="10.018"/>
  <system-out/>
  <testcase classname="appium.AppiumAutoCalculator" name="calculation" time="4.177"/>
  <system-out/>
</testsuite> <!-- appium.AppiumAutoCalculator -->
