<?xml version="1.0" encoding="UTF-8"?>
<!-- Generated by org.testng.reporters.JUnitReportReporter -->
<testsuite hostname="hp-pc" failures="0" tests="2" name="appium.Scroll_flipkart" time="15.038" errors="0" timestamp="2023-06-26T20:21:28 IST" skipped="0">
  <testcase classname="appium.Scroll_flipkart" name="AppLaunch" time="10.337"/>
  <system-out/>
  <testcase classname="appium.Scroll_flipkart" name="scrollMethod" time="4.701"/>
  <system-out/>
</testsuite> <!-- appium.Scroll_flipkart -->
